2026.03.31 12:16:53 INFO  Started: Metals version 1.6.6 in folders 'C:\Users\Mac Calimba\Documents\GitHub\VIPRA' for client Visual Studio Code 1.112.0.
2026.03.31 12:16:53 INFO  Memory monitor started
2026.03.31 12:16:55 WARN  Using H2 2.4.240 which is newer than the version Flyway has been verified with. The latest verified version of H2 is 2.3.232.
2026.03.31 12:16:55 INFO  no build target found for C:\Users\Mac Calimba\Documents\GitHub\VIPRA\src\engine\MainEngine.java. Using fallback presentation compiler.
2026.03.31 12:16:56 INFO  no build target found for C:\Users\Mac Calimba\Documents\GitHub\VIPRA\src\engine\MainEngine.java. Using fallback presentation compiler.
2026.03.31 12:16:56 WARN  no build tool detected in workspace 'C:\Users\Mac Calimba\Documents\GitHub\VIPRA'. The most common cause for this problem is that the editor was opened in the wrong working directory, for example if you use sbt then the workspace directory should contain build.sbt. 
2026.03.31 12:16:56 WARN  Build server is not auto-connectable.
2026.03.31 12:16:56 WARN  no build target for: C:\Users\Mac Calimba\Documents\GitHub\VIPRA\src\engine\MainEngine.java
2026.03.31 12:16:56 INFO  no build target found for C:\Users\Mac Calimba\Documents\GitHub\VIPRA\src\engine\MainEngine.java. Using fallback presentation compiler.
2026.03.31 12:16:57 WARN  Running javac-semanticdb failed for file:///C:/Users/Mac%20Calimba/Documents/GitHub/VIPRA/src/engine/MainEngine.java. Output:

2026.03.31 12:17:09 INFO  no build target found for C:\Users\Mac Calimba\Documents\GitHub\VIPRA\src\engine\MainEngine.java. Using fallback presentation compiler.
2026.03.31 12:17:19 INFO  no build target found for C:\Users\Mac Calimba\Documents\GitHub\VIPRA\src\engine\MainEngine.java. Using fallback presentation compiler.
2026.03.31 12:17:20 INFO  no build target found for C:\Users\Mac Calimba\Documents\GitHub\VIPRA\src\engine\MainEngine.java. Using fallback presentation compiler.
2026.03.31 12:17:25 INFO  no build target found for C:\Users\Mac Calimba\Documents\GitHub\VIPRA\src\engine\MainEngine.java. Using fallback presentation compiler.
2026.03.31 12:17:25 INFO  no build target found for C:\Users\Mac Calimba\Documents\GitHub\VIPRA\src\engine\MainEngine.java. Using fallback presentation compiler.
2026.03.31 12:17:25 INFO  no build target found for C:\Users\Mac Calimba\Documents\GitHub\VIPRA\src\engine\MainEngine.java. Using fallback presentation compiler.
Mar 31, 2026 12:17:26 PM org.eclipse.lsp4j.jsonrpc.RemoteEndpoint handleCancellation
WARNING: Unmatched cancel notification for request id 21
Mar 31, 2026 12:17:26 PM org.eclipse.lsp4j.jsonrpc.RemoteEndpoint handleCancellation
WARNING: Unmatched cancel notification for request id 22
2026.03.31 12:17:25 INFO  no build target found for C:\Users\Mac Calimba\Documents\GitHub\VIPRA\src\engine\MainEngine.java. Using fallback presentation compiler.
2026.03.31 12:17:25 INFO  no build target found for C:\Users\Mac Calimba\Documents\GitHub\VIPRA\src\engine\MainEngine.java. Using fallback presentation compiler.
Mar 31, 2026 12:17:26 PM org.eclipse.lsp4j.jsonrpc.RemoteEndpoint handleCancellation
WARNING: Unmatched cancel notification for request id 23
2026.03.31 12:17:27 INFO  no build target found for C:\Users\Mac Calimba\Documents\GitHub\VIPRA\src\engine\MainEngine.java. Using fallback presentation compiler.
2026.03.31 12:17:27 INFO  no build target found for C:\Users\Mac Calimba\Documents\GitHub\VIPRA\src\engine\MainEngine.java. Using fallback presentation compiler.
2026.03.31 12:17:28 INFO  no build target found for C:\Users\Mac Calimba\Documents\GitHub\VIPRA\src\engine\MainEngine.java. Using fallback presentation compiler.
2026.03.31 12:17:29 INFO  no build target found for C:\Users\Mac Calimba\Documents\GitHub\VIPRA\src\engine\MainEngine.java. Using fallback presentation compiler.
2026.03.31 12:17:29 INFO  no build target found for C:\Users\Mac Calimba\Documents\GitHub\VIPRA\src\engine\MainEngine.java. Using fallback presentation compiler.
2026.03.31 12:17:31 INFO  no build target found for C:\Users\Mac Calimba\Documents\GitHub\VIPRA\src\engine\MainEngine.java. Using fallback presentation compiler.
2026.03.31 12:17:43 INFO  no build target found for C:\Users\Mac Calimba\Documents\GitHub\VIPRA\src\engine\MainEngine.java. Using fallback presentation compiler.
2026.03.31 12:17:43 INFO  no build target found for C:\Users\Mac Calimba\Documents\GitHub\VIPRA\src\engine\MainEngine.java. Using fallback presentation compiler.
2026.03.31 12:19:34 INFO  no build target found for C:\Users\Mac Calimba\Documents\GitHub\VIPRA\src\engine\MainEngine.java. Using fallback presentation compiler.
Mar 31, 2026 12:19:34 PM org.eclipse.lsp4j.jsonrpc.RemoteEndpoint handleCancellation
WARNING: Unmatched cancel notification for request id 36
2026.03.31 12:19:34 INFO  no build target found for C:\Users\Mac Calimba\Documents\GitHub\VIPRA\src\engine\MainEngine.java. Using fallback presentation compiler.
